2025-08-16 17:47:13.592 [main] INFO  c.e.d.DbDataTransferApplication - Starting DbDataTransferApplication v1.0.0 using Java 17.0.11 with PID 70662 (/Users/evam/IdeaProjects/dbtodb/target/db-data-transfer-1.0.0.jar started by evam in /Users/evam/IdeaProjects/dbtodb/target)
2025-08-16 17:47:13.593 [main] DEBUG c.e.d.DbDataTransferApplication - Running with Spring Boot v3.1.5, Spring v6.0.13
2025-08-16 17:47:13.593 [main] INFO  c.e.d.DbDataTransferApplication - No active profile set, falling back to 1 default profile: "default"
2025-08-16 17:47:13.954 [main] INFO  c.e.d.DbDataTransferApplication - Started DbDataTransferApplication in 0.605 seconds (process running for 0.831)
2025-08-16 17:47:13.955 [main] INFO  c.e.d.runner.DataTransferRunner - Data transfer application started.
2025-08-16 17:47:13.955 [main] INFO  c.e.d.runner.DataTransferRunner - Truncating target table 'C##EVAMADMIN.NEWTABLE_2'...
2025-08-16 17:47:13.957 [main] INFO  com.zaxxer.hikari.HikariDataSource - HikariPool-1 - Starting...
2025-08-16 17:47:13.962 [main] WARN  c.z.hikari.util.DriverDataSource - Registered driver with driverClassName=oracle.jdbc.driver.OracleDriver was not found, trying direct instantiation.
2025-08-16 17:47:14.585 [main] INFO  com.zaxxer.hikari.pool.HikariPool - HikariPool-1 - Added connection oracle.jdbc.driver.T4CConnection@3382f8ae
2025-08-16 17:47:14.586 [main] INFO  com.zaxxer.hikari.HikariDataSource - HikariPool-1 - Start completed.
2025-08-16 17:47:15.105 [main] INFO  c.e.d.runner.DataTransferRunner - Table 'C##EVAMADMIN.NEWTABLE_2' has been successfully truncated.
2025-08-16 17:47:15.106 [main] DEBUG c.e.d.runner.DataTransferRunner - Generated INSERT query: INSERT INTO C##EVAMADMIN.NEWTABLE_2 (COLUMN1, COLUMN2, COLUMN3) VALUES (?, ?, ?)
2025-08-16 17:47:15.107 [main] INFO  c.e.d.runner.DataTransferRunner - Starting data extraction from source... Fetch Size: 50000, Commit Size: 10000
2025-08-16 17:47:15.108 [main] INFO  com.zaxxer.hikari.HikariDataSource - HikariPool-2 - Starting...
2025-08-16 17:47:15.188 [main] INFO  com.zaxxer.hikari.pool.HikariPool - HikariPool-2 - Added connection org.postgresql.jdbc.PgConnection@548e76f1
2025-08-16 17:47:15.188 [main] INFO  com.zaxxer.hikari.HikariDataSource - HikariPool-2 - Start completed.
2025-08-16 17:47:16.888 [main] DEBUG c.e.d.runner.DataTransferRunner - Writing a batch of 10000 rows to the target...
2025-08-16 17:47:17.312 [main] INFO  c.e.d.runner.DataTransferRunner - 10000 total rows transferred so far...
2025-08-16 17:47:17.314 [main] DEBUG c.e.d.runner.DataTransferRunner - Writing a batch of 10000 rows to the target...
2025-08-16 17:47:17.540 [main] INFO  c.e.d.runner.DataTransferRunner - 20000 total rows transferred so far...
2025-08-16 17:47:17.542 [main] DEBUG c.e.d.runner.DataTransferRunner - Writing a batch of 10000 rows to the target...
2025-08-16 17:47:17.759 [main] INFO  c.e.d.runner.DataTransferRunner - 30000 total rows transferred so far...
2025-08-16 17:47:17.762 [main] DEBUG c.e.d.runner.DataTransferRunner - Writing a batch of 10000 rows to the target...
2025-08-16 17:47:17.975 [main] INFO  c.e.d.runner.DataTransferRunner - 40000 total rows transferred so far...
2025-08-16 17:47:17.976 [main] DEBUG c.e.d.runner.DataTransferRunner - Writing a batch of 10000 rows to the target...
2025-08-16 17:47:18.236 [main] INFO  c.e.d.runner.DataTransferRunner - 50000 total rows transferred so far...
2025-08-16 17:47:18.238 [main] DEBUG c.e.d.runner.DataTransferRunner - Writing a batch of 10000 rows to the target...
2025-08-16 17:47:18.466 [main] INFO  c.e.d.runner.DataTransferRunner - 60000 total rows transferred so far...
2025-08-16 17:47:18.470 [main] DEBUG c.e.d.runner.DataTransferRunner - Writing a batch of 10000 rows to the target...
2025-08-16 17:47:18.688 [main] INFO  c.e.d.runner.DataTransferRunner - 70000 total rows transferred so far...
2025-08-16 17:47:18.695 [main] DEBUG c.e.d.runner.DataTransferRunner - Writing a batch of 10000 rows to the target...
2025-08-16 17:47:18.917 [main] INFO  c.e.d.runner.DataTransferRunner - 80000 total rows transferred so far...
2025-08-16 17:47:18.919 [main] DEBUG c.e.d.runner.DataTransferRunner - Writing a batch of 10000 rows to the target...
2025-08-16 17:47:19.365 [main] INFO  c.e.d.runner.DataTransferRunner - 90000 total rows transferred so far...
2025-08-16 17:47:19.369 [main] DEBUG c.e.d.runner.DataTransferRunner - Writing a batch of 10000 rows to the target...
2025-08-16 17:47:19.598 [main] INFO  c.e.d.runner.DataTransferRunner - 100000 total rows transferred so far...
2025-08-16 17:47:19.602 [main] DEBUG c.e.d.runner.DataTransferRunner - Writing a batch of 10000 rows to the target...
2025-08-16 17:47:19.825 [main] INFO  c.e.d.runner.DataTransferRunner - 110000 total rows transferred so far...
2025-08-16 17:47:19.829 [main] DEBUG c.e.d.runner.DataTransferRunner - Writing a batch of 10000 rows to the target...
2025-08-16 17:47:20.072 [main] INFO  c.e.d.runner.DataTransferRunner - 120000 total rows transferred so far...
2025-08-16 17:47:20.075 [main] DEBUG c.e.d.runner.DataTransferRunner - Writing a batch of 10000 rows to the target...
2025-08-16 17:47:20.294 [main] INFO  c.e.d.runner.DataTransferRunner - 130000 total rows transferred so far...
2025-08-16 17:47:20.297 [main] DEBUG c.e.d.runner.DataTransferRunner - Writing a batch of 10000 rows to the target...
2025-08-16 17:47:20.520 [main] INFO  c.e.d.runner.DataTransferRunner - 140000 total rows transferred so far...
2025-08-16 17:47:20.523 [main] DEBUG c.e.d.runner.DataTransferRunner - Writing a batch of 10000 rows to the target...
2025-08-16 17:47:20.740 [main] INFO  c.e.d.runner.DataTransferRunner - 150000 total rows transferred so far...
2025-08-16 17:47:20.742 [main] DEBUG c.e.d.runner.DataTransferRunner - Writing a batch of 10000 rows to the target...
2025-08-16 17:47:20.965 [main] INFO  c.e.d.runner.DataTransferRunner - 160000 total rows transferred so far...
2025-08-16 17:47:20.969 [main] DEBUG c.e.d.runner.DataTransferRunner - Writing a batch of 10000 rows to the target...
2025-08-16 17:47:21.189 [main] INFO  c.e.d.runner.DataTransferRunner - 170000 total rows transferred so far...
2025-08-16 17:47:21.192 [main] DEBUG c.e.d.runner.DataTransferRunner - Writing a batch of 10000 rows to the target...
2025-08-16 17:47:21.418 [main] INFO  c.e.d.runner.DataTransferRunner - 180000 total rows transferred so far...
2025-08-16 17:47:21.419 [main] DEBUG c.e.d.runner.DataTransferRunner - Writing a batch of 10000 rows to the target...
2025-08-16 17:47:21.644 [main] INFO  c.e.d.runner.DataTransferRunner - 190000 total rows transferred so far...
2025-08-16 17:47:21.648 [main] DEBUG c.e.d.runner.DataTransferRunner - Writing a batch of 10000 rows to the target...
2025-08-16 17:47:21.870 [main] INFO  c.e.d.runner.DataTransferRunner - 200000 total rows transferred so far...
2025-08-16 17:47:21.873 [main] DEBUG c.e.d.runner.DataTransferRunner - Writing a batch of 10000 rows to the target...
2025-08-16 17:47:22.088 [main] INFO  c.e.d.runner.DataTransferRunner - 210000 total rows transferred so far...
2025-08-16 17:47:22.090 [main] DEBUG c.e.d.runner.DataTransferRunner - Writing a batch of 10000 rows to the target...
2025-08-16 17:47:22.307 [main] INFO  c.e.d.runner.DataTransferRunner - 220000 total rows transferred so far...
2025-08-16 17:47:22.312 [main] DEBUG c.e.d.runner.DataTransferRunner - Writing a batch of 10000 rows to the target...
2025-08-16 17:47:22.547 [main] INFO  c.e.d.runner.DataTransferRunner - 230000 total rows transferred so far...
2025-08-16 17:47:22.550 [main] DEBUG c.e.d.runner.DataTransferRunner - Writing a batch of 10000 rows to the target...
2025-08-16 17:47:22.777 [main] INFO  c.e.d.runner.DataTransferRunner - 240000 total rows transferred so far...
2025-08-16 17:47:22.781 [main] DEBUG c.e.d.runner.DataTransferRunner - Writing a batch of 10000 rows to the target...
2025-08-16 17:47:23.003 [main] INFO  c.e.d.runner.DataTransferRunner - 250000 total rows transferred so far...
2025-08-16 17:47:23.011 [main] DEBUG c.e.d.runner.DataTransferRunner - Writing a batch of 10000 rows to the target...
2025-08-16 17:47:23.250 [main] INFO  c.e.d.runner.DataTransferRunner - 260000 total rows transferred so far...
2025-08-16 17:47:23.255 [main] DEBUG c.e.d.runner.DataTransferRunner - Writing a batch of 10000 rows to the target...
2025-08-16 17:47:23.484 [main] INFO  c.e.d.runner.DataTransferRunner - 270000 total rows transferred so far...
2025-08-16 17:47:23.488 [main] DEBUG c.e.d.runner.DataTransferRunner - Writing a batch of 10000 rows to the target...
2025-08-16 17:47:23.714 [main] INFO  c.e.d.runner.DataTransferRunner - 280000 total rows transferred so far...
2025-08-16 17:47:23.721 [main] DEBUG c.e.d.runner.DataTransferRunner - Writing a batch of 10000 rows to the target...
2025-08-16 17:47:23.965 [main] INFO  c.e.d.runner.DataTransferRunner - 290000 total rows transferred so far...
2025-08-16 17:47:23.969 [main] DEBUG c.e.d.runner.DataTransferRunner - Writing a batch of 10000 rows to the target...
2025-08-16 17:47:24.229 [main] INFO  c.e.d.runner.DataTransferRunner - 300000 total rows transferred so far...
2025-08-16 17:47:24.232 [main] DEBUG c.e.d.runner.DataTransferRunner - Writing a batch of 10000 rows to the target...
2025-08-16 17:47:24.607 [main] INFO  c.e.d.runner.DataTransferRunner - 310000 total rows transferred so far...
2025-08-16 17:47:24.610 [main] DEBUG c.e.d.runner.DataTransferRunner - Writing a batch of 10000 rows to the target...
2025-08-16 17:47:24.836 [main] INFO  c.e.d.runner.DataTransferRunner - 320000 total rows transferred so far...
2025-08-16 17:47:24.838 [main] DEBUG c.e.d.runner.DataTransferRunner - Writing a batch of 10000 rows to the target...
2025-08-16 17:47:25.057 [main] INFO  c.e.d.runner.DataTransferRunner - 330000 total rows transferred so far...
2025-08-16 17:47:25.061 [main] DEBUG c.e.d.runner.DataTransferRunner - Writing a batch of 10000 rows to the target...
2025-08-16 17:47:25.275 [main] INFO  c.e.d.runner.DataTransferRunner - 340000 total rows transferred so far...
2025-08-16 17:47:25.278 [main] DEBUG c.e.d.runner.DataTransferRunner - Writing a batch of 10000 rows to the target...
2025-08-16 17:47:25.500 [main] INFO  c.e.d.runner.DataTransferRunner - 350000 total rows transferred so far...
2025-08-16 17:47:25.502 [main] DEBUG c.e.d.runner.DataTransferRunner - Writing a batch of 10000 rows to the target...
2025-08-16 17:47:25.887 [main] INFO  c.e.d.runner.DataTransferRunner - 360000 total rows transferred so far...
2025-08-16 17:47:25.895 [main] DEBUG c.e.d.runner.DataTransferRunner - Writing a batch of 10000 rows to the target...
2025-08-16 17:47:26.115 [main] INFO  c.e.d.runner.DataTransferRunner - 370000 total rows transferred so far...
2025-08-16 17:47:26.118 [main] DEBUG c.e.d.runner.DataTransferRunner - Writing a batch of 10000 rows to the target...
2025-08-16 17:47:26.359 [main] INFO  c.e.d.runner.DataTransferRunner - 380000 total rows transferred so far...
2025-08-16 17:47:26.362 [main] DEBUG c.e.d.runner.DataTransferRunner - Writing a batch of 10000 rows to the target...
2025-08-16 17:47:26.588 [main] INFO  c.e.d.runner.DataTransferRunner - 390000 total rows transferred so far...
2025-08-16 17:47:26.590 [main] DEBUG c.e.d.runner.DataTransferRunner - Writing a batch of 10000 rows to the target...
2025-08-16 17:47:26.811 [main] INFO  c.e.d.runner.DataTransferRunner - 400000 total rows transferred so far...
2025-08-16 17:47:26.814 [main] DEBUG c.e.d.runner.DataTransferRunner - Writing a batch of 10000 rows to the target...
2025-08-16 17:47:27.035 [main] INFO  c.e.d.runner.DataTransferRunner - 410000 total rows transferred so far...
2025-08-16 17:47:27.038 [main] DEBUG c.e.d.runner.DataTransferRunner - Writing a batch of 10000 rows to the target...
2025-08-16 17:47:27.266 [main] INFO  c.e.d.runner.DataTransferRunner - 420000 total rows transferred so far...
2025-08-16 17:47:27.268 [main] DEBUG c.e.d.runner.DataTransferRunner - Writing a batch of 10000 rows to the target...
2025-08-16 17:47:27.496 [main] INFO  c.e.d.runner.DataTransferRunner - 430000 total rows transferred so far...
2025-08-16 17:47:27.499 [main] DEBUG c.e.d.runner.DataTransferRunner - Writing a batch of 10000 rows to the target...
2025-08-16 17:47:27.721 [main] INFO  c.e.d.runner.DataTransferRunner - 440000 total rows transferred so far...
2025-08-16 17:47:27.724 [main] DEBUG c.e.d.runner.DataTransferRunner - Writing a batch of 10000 rows to the target...
2025-08-16 17:47:27.950 [main] INFO  c.e.d.runner.DataTransferRunner - 450000 total rows transferred so far...
2025-08-16 17:47:27.953 [main] DEBUG c.e.d.runner.DataTransferRunner - Writing a batch of 10000 rows to the target...
2025-08-16 17:47:28.179 [main] INFO  c.e.d.runner.DataTransferRunner - 460000 total rows transferred so far...
2025-08-16 17:47:28.182 [main] DEBUG c.e.d.runner.DataTransferRunner - Writing a batch of 10000 rows to the target...
2025-08-16 17:47:28.408 [main] INFO  c.e.d.runner.DataTransferRunner - 470000 total rows transferred so far...
2025-08-16 17:47:28.410 [main] DEBUG c.e.d.runner.DataTransferRunner - Writing a batch of 10000 rows to the target...
2025-08-16 17:47:28.661 [main] INFO  c.e.d.runner.DataTransferRunner - 480000 total rows transferred so far...
2025-08-16 17:47:28.666 [main] DEBUG c.e.d.runner.DataTransferRunner - Writing a batch of 10000 rows to the target...
2025-08-16 17:47:28.894 [main] INFO  c.e.d.runner.DataTransferRunner - 490000 total rows transferred so far...
2025-08-16 17:47:28.897 [main] DEBUG c.e.d.runner.DataTransferRunner - Writing a batch of 10000 rows to the target...
2025-08-16 17:47:29.120 [main] INFO  c.e.d.runner.DataTransferRunner - 500000 total rows transferred so far...
2025-08-16 17:47:29.123 [main] DEBUG c.e.d.runner.DataTransferRunner - Writing a batch of 10000 rows to the target...
2025-08-16 17:47:29.351 [main] INFO  c.e.d.runner.DataTransferRunner - 510000 total rows transferred so far...
2025-08-16 17:47:29.354 [main] DEBUG c.e.d.runner.DataTransferRunner - Writing a batch of 10000 rows to the target...
2025-08-16 17:47:29.584 [main] INFO  c.e.d.runner.DataTransferRunner - 520000 total rows transferred so far...
2025-08-16 17:47:29.586 [main] DEBUG c.e.d.runner.DataTransferRunner - Writing a batch of 10000 rows to the target...
2025-08-16 17:47:29.833 [main] INFO  c.e.d.runner.DataTransferRunner - 530000 total rows transferred so far...
2025-08-16 17:47:29.835 [main] DEBUG c.e.d.runner.DataTransferRunner - Writing a batch of 10000 rows to the target...
2025-08-16 17:47:30.112 [main] INFO  c.e.d.runner.DataTransferRunner - 540000 total rows transferred so far...
2025-08-16 17:47:30.115 [main] DEBUG c.e.d.runner.DataTransferRunner - Writing a batch of 10000 rows to the target...
2025-08-16 17:47:30.381 [main] INFO  c.e.d.runner.DataTransferRunner - 550000 total rows transferred so far...
2025-08-16 17:47:30.384 [main] DEBUG c.e.d.runner.DataTransferRunner - Writing a batch of 10000 rows to the target...
2025-08-16 17:47:31.369 [main] INFO  c.e.d.runner.DataTransferRunner - 560000 total rows transferred so far...
2025-08-16 17:47:31.372 [main] DEBUG c.e.d.runner.DataTransferRunner - Writing a batch of 10000 rows to the target...
2025-08-16 17:47:31.811 [main] INFO  c.e.d.runner.DataTransferRunner - 570000 total rows transferred so far...
2025-08-16 17:47:31.814 [main] DEBUG c.e.d.runner.DataTransferRunner - Writing a batch of 10000 rows to the target...
2025-08-16 17:47:32.070 [main] INFO  c.e.d.runner.DataTransferRunner - 580000 total rows transferred so far...
2025-08-16 17:47:32.075 [main] DEBUG c.e.d.runner.DataTransferRunner - Writing a batch of 10000 rows to the target...
2025-08-16 17:47:32.318 [main] INFO  c.e.d.runner.DataTransferRunner - 590000 total rows transferred so far...
2025-08-16 17:47:32.322 [main] DEBUG c.e.d.runner.DataTransferRunner - Writing a batch of 10000 rows to the target...
2025-08-16 17:47:32.599 [main] INFO  c.e.d.runner.DataTransferRunner - 600000 total rows transferred so far...
2025-08-16 17:47:32.603 [main] DEBUG c.e.d.runner.DataTransferRunner - Writing a batch of 10000 rows to the target...
2025-08-16 17:47:33.076 [main] INFO  c.e.d.runner.DataTransferRunner - 610000 total rows transferred so far...
2025-08-16 17:47:33.080 [main] DEBUG c.e.d.runner.DataTransferRunner - Writing a batch of 10000 rows to the target...
2025-08-16 17:47:33.651 [main] INFO  c.e.d.runner.DataTransferRunner - 620000 total rows transferred so far...
2025-08-16 17:47:33.654 [main] DEBUG c.e.d.runner.DataTransferRunner - Writing a batch of 10000 rows to the target...
2025-08-16 17:47:33.965 [main] INFO  c.e.d.runner.DataTransferRunner - 630000 total rows transferred so far...
2025-08-16 17:47:33.967 [main] DEBUG c.e.d.runner.DataTransferRunner - Writing a batch of 10000 rows to the target...
2025-08-16 17:47:34.280 [main] INFO  c.e.d.runner.DataTransferRunner - 640000 total rows transferred so far...
2025-08-16 17:47:34.285 [main] DEBUG c.e.d.runner.DataTransferRunner - Writing a batch of 10000 rows to the target...
2025-08-16 17:47:34.724 [main] INFO  c.e.d.runner.DataTransferRunner - 650000 total rows transferred so far...
2025-08-16 17:47:34.727 [main] DEBUG c.e.d.runner.DataTransferRunner - Writing a batch of 10000 rows to the target...
2025-08-16 17:47:35.067 [main] INFO  c.e.d.runner.DataTransferRunner - 660000 total rows transferred so far...
2025-08-16 17:47:35.071 [main] DEBUG c.e.d.runner.DataTransferRunner - Writing a batch of 10000 rows to the target...
2025-08-16 17:47:35.365 [main] INFO  c.e.d.runner.DataTransferRunner - 670000 total rows transferred so far...
2025-08-16 17:47:35.367 [main] DEBUG c.e.d.runner.DataTransferRunner - Writing a batch of 10000 rows to the target...
2025-08-16 17:47:35.672 [main] INFO  c.e.d.runner.DataTransferRunner - 680000 total rows transferred so far...
2025-08-16 17:47:35.675 [main] DEBUG c.e.d.runner.DataTransferRunner - Writing a batch of 10000 rows to the target...
2025-08-16 17:47:35.964 [main] INFO  c.e.d.runner.DataTransferRunner - 690000 total rows transferred so far...
2025-08-16 17:47:35.969 [main] DEBUG c.e.d.runner.DataTransferRunner - Writing a batch of 10000 rows to the target...
2025-08-16 17:47:36.256 [main] INFO  c.e.d.runner.DataTransferRunner - 700000 total rows transferred so far...
2025-08-16 17:47:36.259 [main] DEBUG c.e.d.runner.DataTransferRunner - Writing a batch of 10000 rows to the target...
2025-08-16 17:47:36.607 [main] INFO  c.e.d.runner.DataTransferRunner - 710000 total rows transferred so far...
2025-08-16 17:47:36.612 [main] DEBUG c.e.d.runner.DataTransferRunner - Writing a batch of 10000 rows to the target...
2025-08-16 17:47:36.953 [main] INFO  c.e.d.runner.DataTransferRunner - 720000 total rows transferred so far...
2025-08-16 17:47:36.956 [main] DEBUG c.e.d.runner.DataTransferRunner - Writing a batch of 10000 rows to the target...
2025-08-16 17:47:37.276 [main] INFO  c.e.d.runner.DataTransferRunner - 730000 total rows transferred so far...
2025-08-16 17:47:37.281 [main] DEBUG c.e.d.runner.DataTransferRunner - Writing a batch of 10000 rows to the target...
2025-08-16 17:47:37.619 [main] INFO  c.e.d.runner.DataTransferRunner - 740000 total rows transferred so far...
2025-08-16 17:47:37.624 [main] DEBUG c.e.d.runner.DataTransferRunner - Writing a batch of 10000 rows to the target...
2025-08-16 17:47:37.930 [main] INFO  c.e.d.runner.DataTransferRunner - 750000 total rows transferred so far...
2025-08-16 17:47:37.932 [main] DEBUG c.e.d.runner.DataTransferRunner - Writing a batch of 10000 rows to the target...
2025-08-16 17:47:38.190 [main] INFO  c.e.d.runner.DataTransferRunner - 760000 total rows transferred so far...
2025-08-16 17:47:38.193 [main] DEBUG c.e.d.runner.DataTransferRunner - Writing a batch of 10000 rows to the target...
2025-08-16 17:47:38.454 [main] INFO  c.e.d.runner.DataTransferRunner - 770000 total rows transferred so far...
2025-08-16 17:47:38.457 [main] DEBUG c.e.d.runner.DataTransferRunner - Writing a batch of 10000 rows to the target...
2025-08-16 17:47:38.718 [main] INFO  c.e.d.runner.DataTransferRunner - 780000 total rows transferred so far...
2025-08-16 17:47:38.720 [main] DEBUG c.e.d.runner.DataTransferRunner - Writing a batch of 10000 rows to the target...
2025-08-16 17:47:39.060 [main] INFO  c.e.d.runner.DataTransferRunner - 790000 total rows transferred so far...
2025-08-16 17:47:39.063 [main] DEBUG c.e.d.runner.DataTransferRunner - Writing a batch of 10000 rows to the target...
2025-08-16 17:47:39.293 [main] INFO  c.e.d.runner.DataTransferRunner - 800000 total rows transferred so far...
2025-08-16 17:47:39.295 [main] DEBUG c.e.d.runner.DataTransferRunner - Writing a batch of 10000 rows to the target...
2025-08-16 17:47:39.520 [main] INFO  c.e.d.runner.DataTransferRunner - 810000 total rows transferred so far...
2025-08-16 17:47:39.522 [main] DEBUG c.e.d.runner.DataTransferRunner - Writing a batch of 10000 rows to the target...
2025-08-16 17:47:39.773 [main] INFO  c.e.d.runner.DataTransferRunner - 820000 total rows transferred so far...
2025-08-16 17:47:39.780 [main] DEBUG c.e.d.runner.DataTransferRunner - Writing a batch of 10000 rows to the target...
2025-08-16 17:47:40.110 [main] INFO  c.e.d.runner.DataTransferRunner - 830000 total rows transferred so far...
2025-08-16 17:47:40.114 [main] DEBUG c.e.d.runner.DataTransferRunner - Writing a batch of 10000 rows to the target...
2025-08-16 17:47:40.345 [main] INFO  c.e.d.runner.DataTransferRunner - 840000 total rows transferred so far...
2025-08-16 17:47:40.347 [main] DEBUG c.e.d.runner.DataTransferRunner - Writing a batch of 10000 rows to the target...
2025-08-16 17:47:40.608 [main] INFO  c.e.d.runner.DataTransferRunner - 850000 total rows transferred so far...
2025-08-16 17:47:40.611 [main] DEBUG c.e.d.runner.DataTransferRunner - Writing a batch of 10000 rows to the target...
2025-08-16 17:47:40.865 [main] INFO  c.e.d.runner.DataTransferRunner - 860000 total rows transferred so far...
2025-08-16 17:47:40.868 [main] DEBUG c.e.d.runner.DataTransferRunner - Writing a batch of 10000 rows to the target...
2025-08-16 17:47:41.195 [main] INFO  c.e.d.runner.DataTransferRunner - 870000 total rows transferred so far...
2025-08-16 17:47:41.197 [main] DEBUG c.e.d.runner.DataTransferRunner - Writing a batch of 10000 rows to the target...
2025-08-16 17:47:41.425 [main] INFO  c.e.d.runner.DataTransferRunner - 880000 total rows transferred so far...
2025-08-16 17:47:41.427 [main] DEBUG c.e.d.runner.DataTransferRunner - Writing a batch of 10000 rows to the target...
2025-08-16 17:47:41.656 [main] INFO  c.e.d.runner.DataTransferRunner - 890000 total rows transferred so far...
2025-08-16 17:47:41.659 [main] DEBUG c.e.d.runner.DataTransferRunner - Writing a batch of 10000 rows to the target...
2025-08-16 17:47:41.911 [main] INFO  c.e.d.runner.DataTransferRunner - 900000 total rows transferred so far...
2025-08-16 17:47:41.915 [main] DEBUG c.e.d.runner.DataTransferRunner - Writing a batch of 10000 rows to the target...
2025-08-16 17:47:42.259 [main] INFO  c.e.d.runner.DataTransferRunner - 910000 total rows transferred so far...
2025-08-16 17:47:42.260 [main] DEBUG c.e.d.runner.DataTransferRunner - Writing a batch of 10000 rows to the target...
2025-08-16 17:47:42.497 [main] INFO  c.e.d.runner.DataTransferRunner - 920000 total rows transferred so far...
2025-08-16 17:47:42.500 [main] DEBUG c.e.d.runner.DataTransferRunner - Writing a batch of 10000 rows to the target...
2025-08-16 17:47:42.756 [main] INFO  c.e.d.runner.DataTransferRunner - 930000 total rows transferred so far...
2025-08-16 17:47:42.758 [main] DEBUG c.e.d.runner.DataTransferRunner - Writing a batch of 10000 rows to the target...
2025-08-16 17:47:43.002 [main] INFO  c.e.d.runner.DataTransferRunner - 940000 total rows transferred so far...
2025-08-16 17:47:43.005 [main] DEBUG c.e.d.runner.DataTransferRunner - Writing a batch of 10000 rows to the target...
2025-08-16 17:47:43.424 [main] INFO  c.e.d.runner.DataTransferRunner - 950000 total rows transferred so far...
2025-08-16 17:47:43.430 [main] DEBUG c.e.d.runner.DataTransferRunner - Writing a batch of 10000 rows to the target...
2025-08-16 17:47:43.728 [main] INFO  c.e.d.runner.DataTransferRunner - 960000 total rows transferred so far...
2025-08-16 17:47:43.730 [main] DEBUG c.e.d.runner.DataTransferRunner - Writing a batch of 10000 rows to the target...
2025-08-16 17:47:44.036 [main] INFO  c.e.d.runner.DataTransferRunner - 970000 total rows transferred so far...
2025-08-16 17:47:44.041 [main] DEBUG c.e.d.runner.DataTransferRunner - Writing a batch of 10000 rows to the target...
2025-08-16 17:47:44.341 [main] INFO  c.e.d.runner.DataTransferRunner - 980000 total rows transferred so far...
2025-08-16 17:47:44.344 [main] DEBUG c.e.d.runner.DataTransferRunner - Writing a batch of 10000 rows to the target...
2025-08-16 17:47:44.664 [main] INFO  c.e.d.runner.DataTransferRunner - 990000 total rows transferred so far...
2025-08-16 17:47:44.669 [main] DEBUG c.e.d.runner.DataTransferRunner - Writing a batch of 10000 rows to the target...
2025-08-16 17:47:44.947 [main] INFO  c.e.d.runner.DataTransferRunner - 1000000 total rows transferred so far...
2025-08-16 17:47:44.949 [main] DEBUG c.e.d.runner.DataTransferRunner - Writing a batch of 10000 rows to the target...
2025-08-16 17:47:45.264 [main] INFO  c.e.d.runner.DataTransferRunner - 1010000 total rows transferred so far...
2025-08-16 17:47:45.267 [main] DEBUG c.e.d.runner.DataTransferRunner - Writing a batch of 10000 rows to the target...
2025-08-16 17:47:45.570 [main] INFO  c.e.d.runner.DataTransferRunner - 1020000 total rows transferred so far...
2025-08-16 17:47:45.576 [main] DEBUG c.e.d.runner.DataTransferRunner - Writing a batch of 10000 rows to the target...
2025-08-16 17:47:45.911 [main] INFO  c.e.d.runner.DataTransferRunner - 1030000 total rows transferred so far...
2025-08-16 17:47:45.914 [main] DEBUG c.e.d.runner.DataTransferRunner - Writing a batch of 10000 rows to the target...
2025-08-16 17:47:46.217 [main] INFO  c.e.d.runner.DataTransferRunner - 1040000 total rows transferred so far...
2025-08-16 17:47:46.224 [main] DEBUG c.e.d.runner.DataTransferRunner - Writing a batch of 10000 rows to the target...
2025-08-16 17:47:46.510 [main] INFO  c.e.d.runner.DataTransferRunner - 1050000 total rows transferred so far...
2025-08-16 17:47:46.512 [main] DEBUG c.e.d.runner.DataTransferRunner - Writing a batch of 10000 rows to the target...
2025-08-16 17:47:46.787 [main] INFO  c.e.d.runner.DataTransferRunner - 1060000 total rows transferred so far...
2025-08-16 17:47:46.792 [main] DEBUG c.e.d.runner.DataTransferRunner - Writing a batch of 10000 rows to the target...
2025-08-16 17:47:47.050 [main] INFO  c.e.d.runner.DataTransferRunner - 1070000 total rows transferred so far...
2025-08-16 17:47:47.053 [main] DEBUG c.e.d.runner.DataTransferRunner - Writing a batch of 10000 rows to the target...
2025-08-16 17:47:47.577 [main] INFO  c.e.d.runner.DataTransferRunner - 1080000 total rows transferred so far...
2025-08-16 17:47:47.579 [main] DEBUG c.e.d.runner.DataTransferRunner - Writing a batch of 10000 rows to the target...
2025-08-16 17:47:47.814 [main] INFO  c.e.d.runner.DataTransferRunner - 1090000 total rows transferred so far...
2025-08-16 17:47:47.817 [main] DEBUG c.e.d.runner.DataTransferRunner - Writing a batch of 10000 rows to the target...
2025-08-16 17:47:48.142 [main] INFO  c.e.d.runner.DataTransferRunner - 1100000 total rows transferred so far...
2025-08-16 17:47:48.152 [main] DEBUG c.e.d.runner.DataTransferRunner - Writing a batch of 10000 rows to the target...
2025-08-16 17:47:48.530 [main] INFO  c.e.d.runner.DataTransferRunner - 1110000 total rows transferred so far...
2025-08-16 17:47:48.534 [main] DEBUG c.e.d.runner.DataTransferRunner - Writing a batch of 10000 rows to the target...
2025-08-16 17:47:48.773 [main] INFO  c.e.d.runner.DataTransferRunner - 1120000 total rows transferred so far...
2025-08-16 17:47:48.776 [main] DEBUG c.e.d.runner.DataTransferRunner - Writing a batch of 10000 rows to the target...
2025-08-16 17:47:49.155 [main] INFO  c.e.d.runner.DataTransferRunner - 1130000 total rows transferred so far...
2025-08-16 17:47:49.165 [main] DEBUG c.e.d.runner.DataTransferRunner - Writing a batch of 10000 rows to the target...
2025-08-16 17:47:49.421 [main] INFO  c.e.d.runner.DataTransferRunner - 1140000 total rows transferred so far...
2025-08-16 17:47:49.424 [main] DEBUG c.e.d.runner.DataTransferRunner - Writing a batch of 10000 rows to the target...
2025-08-16 17:47:49.667 [main] INFO  c.e.d.runner.DataTransferRunner - 1150000 total rows transferred so far...
2025-08-16 17:47:49.670 [main] DEBUG c.e.d.runner.DataTransferRunner - Writing a batch of 10000 rows to the target...
2025-08-16 17:47:49.902 [main] INFO  c.e.d.runner.DataTransferRunner - 1160000 total rows transferred so far...
2025-08-16 17:47:49.905 [main] DEBUG c.e.d.runner.DataTransferRunner - Writing a batch of 10000 rows to the target...
2025-08-16 17:47:50.390 [main] INFO  c.e.d.runner.DataTransferRunner - 1170000 total rows transferred so far...
2025-08-16 17:47:50.393 [main] DEBUG c.e.d.runner.DataTransferRunner - Writing a batch of 10000 rows to the target...
2025-08-16 17:47:50.730 [main] INFO  c.e.d.runner.DataTransferRunner - 1180000 total rows transferred so far...
2025-08-16 17:47:50.732 [main] DEBUG c.e.d.runner.DataTransferRunner - Writing a batch of 10000 rows to the target...
2025-08-16 17:47:50.967 [main] INFO  c.e.d.runner.DataTransferRunner - 1190000 total rows transferred so far...
2025-08-16 17:47:50.970 [main] DEBUG c.e.d.runner.DataTransferRunner - Writing a batch of 10000 rows to the target...
2025-08-16 17:47:51.194 [main] INFO  c.e.d.runner.DataTransferRunner - 1200000 total rows transferred so far...
2025-08-16 17:47:51.199 [main] DEBUG c.e.d.runner.DataTransferRunner - Writing a batch of 10000 rows to the target...
2025-08-16 17:47:51.416 [main] INFO  c.e.d.runner.DataTransferRunner - 1210000 total rows transferred so far...
2025-08-16 17:47:51.418 [main] DEBUG c.e.d.runner.DataTransferRunner - Writing a batch of 10000 rows to the target...
2025-08-16 17:47:51.720 [main] INFO  c.e.d.runner.DataTransferRunner - 1220000 total rows transferred so far...
2025-08-16 17:47:51.725 [main] DEBUG c.e.d.runner.DataTransferRunner - Writing a batch of 10000 rows to the target...
2025-08-16 17:47:52.033 [main] INFO  c.e.d.runner.DataTransferRunner - 1230000 total rows transferred so far...
2025-08-16 17:47:52.037 [main] DEBUG c.e.d.runner.DataTransferRunner - Writing a batch of 10000 rows to the target...
2025-08-16 17:47:52.281 [main] INFO  c.e.d.runner.DataTransferRunner - 1240000 total rows transferred so far...
2025-08-16 17:47:52.283 [main] DEBUG c.e.d.runner.DataTransferRunner - Writing a batch of 10000 rows to the target...
2025-08-16 17:47:52.502 [main] INFO  c.e.d.runner.DataTransferRunner - 1250000 total rows transferred so far...
2025-08-16 17:47:52.503 [main] DEBUG c.e.d.runner.DataTransferRunner - Writing a batch of 10000 rows to the target...
2025-08-16 17:47:52.741 [main] INFO  c.e.d.runner.DataTransferRunner - 1260000 total rows transferred so far...
2025-08-16 17:47:52.744 [main] DEBUG c.e.d.runner.DataTransferRunner - Writing a batch of 10000 rows to the target...
2025-08-16 17:47:53.059 [main] INFO  c.e.d.runner.DataTransferRunner - 1270000 total rows transferred so far...
2025-08-16 17:47:53.063 [main] DEBUG c.e.d.runner.DataTransferRunner - Writing a batch of 10000 rows to the target...
2025-08-16 17:47:53.365 [main] INFO  c.e.d.runner.DataTransferRunner - 1280000 total rows transferred so far...
2025-08-16 17:47:53.367 [main] DEBUG c.e.d.runner.DataTransferRunner - Writing a batch of 2274 rows to the target...
2025-08-16 17:47:53.489 [main] INFO  c.e.d.runner.DataTransferRunner - Flushing the final batch of 2274 rows. Grand total: 1282274
2025-08-16 17:47:53.489 [main] INFO  c.e.d.runner.DataTransferRunner - ===============================================================
2025-08-16 17:47:53.489 [main] INFO  c.e.d.runner.DataTransferRunner - DATA TRANSFER COMPLETED SUCCESSFULLY!
2025-08-16 17:47:53.489 [main] INFO  c.e.d.runner.DataTransferRunner - Total rows transferred: 1282274
2025-08-16 17:47:53.489 [main] INFO  c.e.d.runner.DataTransferRunner - Total execution time: 39.534 seconds
2025-08-16 17:47:53.491 [main] INFO  c.e.d.runner.DataTransferRunner - ===============================================================
2025-08-16 17:47:53.502 [main] INFO  com.zaxxer.hikari.HikariDataSource - HikariPool-1 - Shutdown initiated...
2025-08-16 17:47:54.131 [main] INFO  com.zaxxer.hikari.HikariDataSource - HikariPool-1 - Shutdown completed.
2025-08-16 17:47:54.132 [main] INFO  com.zaxxer.hikari.HikariDataSource - HikariPool-2 - Shutdown initiated...
2025-08-16 17:47:54.135 [main] INFO  com.zaxxer.hikari.HikariDataSource - HikariPool-2 - Shutdown completed.
